[dotenv] Set [36mDEVISE_JWT_SECRET_KEY[0m
[dotenv] Loaded [33m.env[0m
Started POST "/signup" for ::1 at 2024-09-26 18:57:26 +0100
  [1m[35m (1.5ms)[0m  [1m[34mSELECT sqlite_version(*)[0m
  [1m[35m (1.1ms)[0m  [1m[35mCREATE TABLE "schema_migrations" ("version" varchar NOT NULL PRIMARY KEY)[0m
  [1m[35m (0.7ms)[0m  [1m[35mCREATE TABLE "ar_internal_metadata" ("key" varchar NOT NULL PRIMARY KEY, "value" varchar, "created_at" datetime(6) NOT NULL, "updated_at" datetime(6) NOT NULL)[0m
  [1m[35m (0.1ms)[0m  [1m[34mSELECT "schema_migrations"."version" FROM "schema_migrations" ORDER BY "schema_migrations"."version" ASC[0m
  
ActiveRecord::PendingMigrationError (

Migrations are pending. To resolve this issue, run:

        bin/rails db:migrate RAILS_ENV=development

You have 2 pending migrations:

20220913053616_devise_create_users.rb
20220913172431_create_jwt_denylist.rb


):
  
activerecord (6.1.7.8) lib/active_record/migration.rb:625:in `check_pending!'
activerecord (6.1.7.8) lib/active_record/migration.rb:590:in `block (2 levels) in call'
activesupport (6.1.7.8) lib/active_support/evented_file_update_checker.rb:59:in `execute'
activerecord (6.1.7.8) lib/active_record/migration.rb:595:in `block in call'
activerecord (6.1.7.8) lib/active_record/migration.rb:587:in `synchronize'
activerecord (6.1.7.8) lib/active_record/migration.rb:587:in `call'
actionpack (6.1.7.8) lib/action_dispatch/middleware/callbacks.rb:27:in `block in call'
activesupport (6.1.7.8) lib/active_support/callbacks.rb:98:in `run_callbacks'
actionpack (6.1.7.8) lib/action_dispatch/middleware/callbacks.rb:26:in `call'
actionpack (6.1.7.8) lib/action_dispatch/middleware/executor.rb:14:in `call'
actionpack (6.1.7.8) lib/action_dispatch/middleware/actionable_exceptions.rb:18:in `call'
actionpack (6.1.7.8) lib/action_dispatch/middleware/debug_exceptions.rb:29:in `call'
actionpack (6.1.7.8) lib/action_dispatch/middleware/show_exceptions.rb:33:in `call'
railties (6.1.7.8) lib/rails/rack/logger.rb:37:in `call_app'
railties (6.1.7.8) lib/rails/rack/logger.rb:26:in `block in call'
activesupport (6.1.7.8) lib/active_support/tagged_logging.rb:99:in `block in tagged'
activesupport (6.1.7.8) lib/active_support/tagged_logging.rb:37:in `tagged'
activesupport (6.1.7.8) lib/active_support/tagged_logging.rb:99:in `tagged'
railties (6.1.7.8) lib/rails/rack/logger.rb:26:in `call'
actionpack (6.1.7.8) lib/action_dispatch/middleware/remote_ip.rb:81:in `call'
actionpack (6.1.7.8) lib/action_dispatch/middleware/request_id.rb:26:in `call'
rack (2.2.9) lib/rack/runtime.rb:22:in `call'
activesupport (6.1.7.8) lib/active_support/cache/strategy/local_cache_middleware.rb:29:in `call'
actionpack (6.1.7.8) lib/action_dispatch/middleware/executor.rb:14:in `call'
actionpack (6.1.7.8) lib/action_dispatch/middleware/static.rb:24:in `call'
rack (2.2.9) lib/rack/sendfile.rb:110:in `call'
actionpack (6.1.7.8) lib/action_dispatch/middleware/host_authorization.rb:148:in `call'
rack-cors (2.0.2) lib/rack/cors.rb:102:in `call'
railties (6.1.7.8) lib/rails/engine.rb:539:in `call'
puma (5.6.9) lib/puma/configuration.rb:252:in `call'
puma (5.6.9) lib/puma/request.rb:77:in `block in handle_request'
puma (5.6.9) lib/puma/thread_pool.rb:340:in `with_force_shutdown'
puma (5.6.9) lib/puma/request.rb:76:in `handle_request'
puma (5.6.9) lib/puma/server.rb:443:in `process_client'
puma (5.6.9) lib/puma/thread_pool.rb:147:in `block in spawn_thread'
[dotenv] Set [36mDEVISE_JWT_SECRET_KEY[0m
[dotenv] Loaded [33m.env[0m
  [1m[35m (0.5ms)[0m  [1m[34mSELECT sqlite_version(*)[0m
  [1m[35m (0.1ms)[0m  [1m[34mSELECT "schema_migrations"."version" FROM "schema_migrations" ORDER BY "schema_migrations"."version" ASC[0m
Migrating to DeviseCreateUsers (20220913053616)
  [1m[36mTRANSACTION (0.0ms)[0m  [1m[36mbegin transaction[0m
  [1m[35m (0.6ms)[0m  [1m[35mCREATE TABLE "users" ("id" integer PRIMARY KEY AUTOINCREMENT NOT NULL, "email" varchar DEFAULT '' NOT NULL, "encrypted_password" varchar DEFAULT '' NOT NULL, "reset_password_token" varchar, "reset_password_sent_at" datetime, "remember_created_at" datetime, "created_at" datetime(6) NOT NULL, "updated_at" datetime(6) NOT NULL)[0m
  [1m[35m (0.1ms)[0m  [1m[35mCREATE UNIQUE INDEX "index_users_on_email" ON "users" ("email")[0m
  [1m[35m (0.1ms)[0m  [1m[35mCREATE UNIQUE INDEX "index_users_on_reset_password_token" ON "users" ("reset_password_token")[0m
  [1m[36mActiveRecord::SchemaMigration Create (0.1ms)[0m  [1m[32mINSERT INTO "schema_migrations" ("version") VALUES (?)[0m  [["version", "20220913053616"]]
  [1m[36mTRANSACTION (0.8ms)[0m  [1m[36mcommit transaction[0m
Migrating to CreateJwtDenylist (20220913172431)
  [1m[36mTRANSACTION (0.1ms)[0m  [1m[36mbegin transaction[0m
  [1m[35m (0.6ms)[0m  [1m[35mCREATE TABLE "jwt_denylist" ("id" integer PRIMARY KEY AUTOINCREMENT NOT NULL, "jti" varchar NOT NULL, "exp" datetime NOT NULL)[0m
  [1m[35m (0.1ms)[0m  [1m[35mCREATE INDEX "index_jwt_denylist_on_jti" ON "jwt_denylist" ("jti")[0m
  [1m[36mActiveRecord::SchemaMigration Create (0.1ms)[0m  [1m[32mINSERT INTO "schema_migrations" ("version") VALUES (?)[0m  [["version", "20220913172431"]]
  [1m[36mTRANSACTION (0.7ms)[0m  [1m[36mcommit transaction[0m
  [1m[36mActiveRecord::InternalMetadata Load (0.1ms)[0m  [1m[34mSELECT "ar_internal_metadata".* FROM "ar_internal_metadata" WHERE "ar_internal_metadata"."key" = ? LIMIT ?[0m  [["key", "environment"], ["LIMIT", 1]]
  [1m[36mTRANSACTION (0.0ms)[0m  [1m[36mbegin transaction[0m
  [1m[36mActiveRecord::InternalMetadata Create (0.2ms)[0m  [1m[32mINSERT INTO "ar_internal_metadata" ("key", "value", "created_at", "updated_at") VALUES (?, ?, ?, ?)[0m  [["key", "environment"], ["value", "development"], ["created_at", "2024-09-26 17:58:02.425507"], ["updated_at", "2024-09-26 17:58:02.425507"]]
  [1m[36mTRANSACTION (0.4ms)[0m  [1m[36mcommit transaction[0m
  [1m[35m (0.0ms)[0m  [1m[34mSELECT sqlite_version(*)[0m
  [1m[35m (0.1ms)[0m  [1m[34mSELECT "schema_migrations"."version" FROM "schema_migrations" ORDER BY "schema_migrations"."version" ASC[0m
[dotenv] Set [36mDEVISE_JWT_SECRET_KEY[0m
[dotenv] Loaded [33m.env[0m
Started POST "/signup" for ::1 at 2024-09-26 18:58:21 +0100
  [1m[35m (0.5ms)[0m  [1m[34mSELECT sqlite_version(*)[0m
  [1m[35m (0.1ms)[0m  [1m[34mSELECT "schema_migrations"."version" FROM "schema_migrations" ORDER BY "schema_migrations"."version" ASC[0m
Processing by Users::RegistrationsController#create as JSON
  Parameters: {"user"=>{"email"=>"cathalmccabe@campus.ie", "password"=>"[FILTERED]"}, "registration"=>{"user"=>{"email"=>"cathalmccabe@campus.ie", "password"=>"[FILTERED]"}}}
  [1m[36mTRANSACTION (0.1ms)[0m  [1m[36mbegin transaction[0m
  ↳ app/controllers/users/registrations_controller.rb:7:in `create'
  [1m[36mUser Create (1.1ms)[0m  [1m[32mINSERT INTO "users" ("email", "encrypted_password", "created_at", "updated_at") VALUES (?, ?, ?, ?)[0m  [["email", "cathalmccabe@campus.ie"], ["encrypted_password", "$2a$12$HINiFNU7wjC9hISZUu0xq.VWkcy7hRqimTbFGd8rQWCY67Zg7pRqq"], ["created_at", "2024-09-26 17:58:22.219246"], ["updated_at", "2024-09-26 17:58:22.219246"]]
  ↳ app/controllers/users/registrations_controller.rb:7:in `create'
  [1m[36mTRANSACTION (0.5ms)[0m  [1m[36mcommit transaction[0m
  ↳ app/controllers/users/registrations_controller.rb:7:in `create'
Completed 200 OK in 453ms (Views: 0.3ms | ActiveRecord: 2.0ms | Allocations: 14209)


Started GET "/private/test" for ::1 at 2024-09-26 18:58:22 +0100
Processing by PrivateController#test as */*
  Parameters: {"private"=>{}}
  [1m[36mUser Load (0.2ms)[0m  [1m[34mSELECT "users".* FROM "users" WHERE "users"."id" = ? LIMIT ?[0m  [["id", 1], ["LIMIT", 1]]
  [1m[36mJwtDenylist Exists? (0.1ms)[0m  [1m[34mSELECT 1 AS one FROM "jwt_denylist" WHERE "jwt_denylist"."jti" = ? LIMIT ?[0m  [["jti", "657e6afc-c059-45bc-ac34-f612eaa17df9"], ["LIMIT", 1]]
Completed 200 OK in 7ms (Views: 0.1ms | ActiveRecord: 0.4ms | Allocations: 3588)


Started GET "/private/test" for ::1 at 2024-09-26 18:58:22 +0100
Processing by PrivateController#test as */*
  Parameters: {"private"=>{}}
  [1m[36mUser Load (0.1ms)[0m  [1m[34mSELECT "users".* FROM "users" WHERE "users"."id" = ? LIMIT ?[0m  [["id", 1], ["LIMIT", 1]]
  [1m[36mJwtDenylist Exists? (0.2ms)[0m  [1m[34mSELECT 1 AS one FROM "jwt_denylist" WHERE "jwt_denylist"."jti" = ? LIMIT ?[0m  [["jti", "657e6afc-c059-45bc-ac34-f612eaa17df9"], ["LIMIT", 1]]
Completed 200 OK in 4ms (Views: 0.1ms | ActiveRecord: 0.3ms | Allocations: 2124)


[dotenv] Set [36mDEVISE_JWT_SECRET_KEY[0m
[dotenv] Loaded [33m.env[0m
[dotenv] Set [36mDEVISE_JWT_SECRET_KEY[0m
[dotenv] Loaded [33m.env[0m
Started POST "/signup" for ::1 at 2024-09-26 19:00:44 +0100
  [1m[35m (1.3ms)[0m  [1m[34mSELECT sqlite_version(*)[0m
  [1m[35m (0.1ms)[0m  [1m[34mSELECT "schema_migrations"."version" FROM "schema_migrations" ORDER BY "schema_migrations"."version" ASC[0m
Processing by Users::RegistrationsController#create as JSON
  Parameters: {"user"=>{"email"=>"cathalmccabe@campus.ie", "password"=>"[FILTERED]"}, "registration"=>{"user"=>{"email"=>"cathalmccabe@campus.ie", "password"=>"[FILTERED]"}}}
  [1m[36mTRANSACTION (0.0ms)[0m  [1m[36mbegin transaction[0m
  ↳ app/controllers/users/registrations_controller.rb:7:in `create'
  [1m[36mUser Create (0.8ms)[0m  [1m[32mINSERT INTO "users" ("email", "encrypted_password", "created_at", "updated_at") VALUES (?, ?, ?, ?)[0m  [["email", "cathalmccabe@campus.ie"], ["encrypted_password", "$2a$12$e6QESs1Z88Zb21fMmFskbO3NPYam.pSHyAlEoQwxoXqSsBqDHcQmW"], ["created_at", "2024-09-26 18:00:44.731709"], ["updated_at", "2024-09-26 18:00:44.731709"]]
  ↳ app/controllers/users/registrations_controller.rb:7:in `create'
  [1m[36mTRANSACTION (0.0ms)[0m  [1m[31mrollback transaction[0m
  ↳ app/controllers/users/registrations_controller.rb:7:in `create'
Completed 500 Internal Server Error in 441ms (ActiveRecord: 1.2ms | Allocations: 10802)


  
ActiveRecord::RecordNotUnique (SQLite3::ConstraintException: UNIQUE constraint failed: users.email):
  
app/controllers/users/registrations_controller.rb:7:in `create'
Started POST "/signup" for ::1 at 2024-09-26 19:00:55 +0100
Processing by Users::RegistrationsController#create as JSON
  Parameters: {"user"=>{"email"=>"cathalmccfffabe@campus.ie", "password"=>"[FILTERED]"}, "registration"=>{"user"=>{"email"=>"cathalmccfffabe@campus.ie", "password"=>"[FILTERED]"}}}
  [1m[36mTRANSACTION (0.1ms)[0m  [1m[36mbegin transaction[0m
  ↳ app/controllers/users/registrations_controller.rb:7:in `create'
  [1m[36mUser Create (1.1ms)[0m  [1m[32mINSERT INTO "users" ("email", "encrypted_password", "created_at", "updated_at") VALUES (?, ?, ?, ?)[0m  [["email", "cathalmccfffabe@campus.ie"], ["encrypted_password", "$2a$12$0xXJMbxPg6IIEjUga9xTw.zbOzYX9Yz6EK5bGA2TKLeEFFhHCwQ42"], ["created_at", "2024-09-26 18:00:56.344031"], ["updated_at", "2024-09-26 18:00:56.344031"]]
  ↳ app/controllers/users/registrations_controller.rb:7:in `create'
  [1m[36mTRANSACTION (1.5ms)[0m  [1m[36mcommit transaction[0m
  ↳ app/controllers/users/registrations_controller.rb:7:in `create'
Completed 200 OK in 443ms (Views: 0.5ms | ActiveRecord: 2.6ms | Allocations: 2808)


Started GET "/private/test" for ::1 at 2024-09-26 19:00:56 +0100
Processing by PrivateController#test as */*
  Parameters: {"private"=>{}}
  [1m[36mUser Load (0.1ms)[0m  [1m[34mSELECT "users".* FROM "users" WHERE "users"."id" = ? LIMIT ?[0m  [["id", 2], ["LIMIT", 1]]
  [1m[36mJwtDenylist Exists? (0.2ms)[0m  [1m[34mSELECT 1 AS one FROM "jwt_denylist" WHERE "jwt_denylist"."jti" = ? LIMIT ?[0m  [["jti", "83313c12-52ad-40c4-aa3d-17e594285e97"], ["LIMIT", 1]]
Completed 200 OK in 6ms (Views: 0.1ms | ActiveRecord: 0.4ms | Allocations: 3569)


Started GET "/private/test" for ::1 at 2024-09-26 19:00:56 +0100
Processing by PrivateController#test as */*
  Parameters: {"private"=>{}}
  [1m[36mUser Load (0.1ms)[0m  [1m[34mSELECT "users".* FROM "users" WHERE "users"."id" = ? LIMIT ?[0m  [["id", 2], ["LIMIT", 1]]
  [1m[36mJwtDenylist Exists? (0.1ms)[0m  [1m[34mSELECT 1 AS one FROM "jwt_denylist" WHERE "jwt_denylist"."jti" = ? LIMIT ?[0m  [["jti", "83313c12-52ad-40c4-aa3d-17e594285e97"], ["LIMIT", 1]]
Completed 200 OK in 3ms (Views: 0.1ms | ActiveRecord: 0.2ms | Allocations: 2123)


